<?xml version="1.0" encoding="UTF-8"?>
<testsuite xmlns:xsi="http://www.w3.org/2001/XMLSchema-instance" xsi:noNamespaceSchemaLocation="https://maven.apache.org/surefire/maven-surefire-plugin/xsd/surefire-test-report.xsd" name="com.javatechie.saga.customerpartitioning.service.PartitionCalculatorTest" time="0.396" tests="3" errors="0" skipped="0" failures="0">
  <properties>
[...]
</properties>
  <testcase name="shouldRouteSameCustomerToSamePartition" classname="com.javatechie.saga.customerpartitioning.service.PartitionCalculatorTest" time="0.353"/>
  <testcase name="shouldRejectInvalidPartitionCount" classname="com.javatechie.saga.customerpartitioning.service.PartitionCalculatorTest" time="0.003"/>
  <testcase name="shouldKeepPartitionWithinRange" classname="com.javatechie.saga.customerpartitioning.service.PartitionCalculatorTest" time="0.003"/>
</testsuite>